<?xml version="1.0" encoding="UTF-8"?>
<testsuite name="com.freelec.springboot.domain.posts.PostsRepositoryTest" tests="2" skipped="0" failures="0" errors="0" timestamp="2021-05-12T14:34:28" hostname="MacBook-Pro-6.local" time="0.033">
  <properties/>
  <testcase name="BasetimeEntity_등록" classname="com.freelec.springboot.domain.posts.PostsRepositoryTest" time="0.022"/>
  <testcase name="게시글저장_불러오기" classname="com.freelec.springboot.domain.posts.PostsRepositoryTest" time="0.01"/>
  <system-out><![CDATA[2021-05-12 23:34:27.494  INFO 61602 --- [    Test worker] .b.t.c.SpringBootTestContextBootstrapper : Neither @ContextConfiguration nor @ContextHierarchy found for test class [com.freelec.springboot.domain.posts.PostsRepositoryTest], using SpringBootContextLoader
2021-05-12 23:34:27.495  INFO 61602 --- [    Test worker] o.s.t.c.support.AbstractContextLoader    : Could not detect default resource locations for test class [com.freelec.springboot.domain.posts.PostsRepositoryTest]: no resource found for suffixes {-context.xml, Context.groovy}.
2021-05-12 23:34:27.496  INFO 61602 --- [    Test worker] t.c.s.AnnotationConfigContextLoaderUtils : Could not detect default configuration classes for test class [com.freelec.springboot.domain.posts.PostsRepositoryTest]: PostsRepositoryTest does not declare any static, non-private, non-final, nested classes annotated with @Configuration.
2021-05-12 23:34:27.503  INFO 61602 --- [    Test worker] .b.t.c.SpringBootTestContextBootstrapper : Found @SpringBootConfiguration com.freelec.springboot.Application for test class com.freelec.springboot.domain.posts.PostsRepositoryTest
2021-05-12 23:34:27.505  INFO 61602 --- [    Test worker] .b.t.c.SpringBootTestContextBootstrapper : Loaded default TestExecutionListener class names from location [META-INF/spring.factories]: [org.springframework.security.test.context.support.WithSecurityContextTestExecutionListener, org.springframework.security.test.context.support.ReactorContextTestExecutionListener, org.springframework.boot.test.autoconfigure.restdocs.RestDocsTestExecutionListener, org.springframework.boot.test.autoconfigure.web.client.MockRestServiceServerResetTestExecutionListener, org.springframework.boot.test.autoconfigure.web.servlet.MockMvcPrintOnlyOnFailureTestExecutionListener, org.springframework.boot.test.autoconfigure.web.servlet.WebDriverTestExecutionListener, org.springframework.boot.test.mock.mockito.MockitoTestExecutionListener, org.springframework.boot.test.mock.mockito.ResetMocksTestExecutionListener, org.springframework.test.context.web.ServletTestExecutionListener, org.springframework.test.context.support.DirtiesContextBeforeModesTestExecutionListener, org.springframework.test.context.support.DependencyInjectionTestExecutionListener, org.springframework.test.context.support.DirtiesContextTestExecutionListener, org.springframework.test.context.transaction.TransactionalTestExecutionListener, org.springframework.test.context.jdbc.SqlScriptsTestExecutionListener]
2021-05-12 23:34:27.506  INFO 61602 --- [    Test worker] .b.t.c.SpringBootTestContextBootstrapper : Using TestExecutionListeners: [org.springframework.test.context.web.ServletTestExecutionListener@2f533e10, org.springframework.test.context.support.DirtiesContextBeforeModesTestExecutionListener@5ae8a987, org.springframework.boot.test.mock.mockito.MockitoTestExecutionListener@5b8964f5, org.springframework.boot.test.autoconfigure.SpringBootDependencyInjectionTestExecutionListener@7786e2cf, org.springframework.test.context.support.DirtiesContextTestExecutionListener@4113e191, org.springframework.test.context.transaction.TransactionalTestExecutionListener@5e28cca5, org.springframework.test.context.jdbc.SqlScriptsTestExecutionListener@4e96a559, org.springframework.security.test.context.support.WithSecurityContextTestExecutionListener@ec6a6de, org.springframework.security.test.context.support.ReactorContextTestExecutionListener@5087c1fe, org.springframework.boot.test.autoconfigure.restdocs.RestDocsTestExecutionListener@48d272af, org.springframework.boot.test.autoconfigure.web.client.MockRestServiceServerResetTestExecutionListener@3395ba81, org.springframework.boot.test.autoconfigure.web.servlet.MockMvcPrintOnlyOnFailureTestExecutionListener@8de1a7b, org.springframework.boot.test.autoconfigure.web.servlet.WebDriverTestExecutionListener@66b8b2af, org.springframework.boot.test.mock.mockito.ResetMocksTestExecutionListener@3da4f3dd]

  .   ____          _            __ _ _
 /\\ / ___'_ __ _ _(_)_ __  __ _ \ \ \ \
( ( )\___ | '_ | '_| | '_ \/ _` | \ \ \ \
 \\/  ___)| |_)| | | | | || (_| |  ) ) ) )
  '  |____| .__|_| |_|_| |_\__, | / / / /
 =========|_|==============|___/=/_/_/_/
 :: Spring Boot ::        (v2.1.7.RELEASE)

2021-05-12 23:34:27.557  INFO 61602 --- [    Test worker] c.f.s.domain.posts.PostsRepositoryTest   : Starting PostsRepositoryTest on MacBook-Pro-6.local with PID 61602 (started by jaeuk in /Users/jaeuk/Desktop/Dev/freelec-springboot2-webservice)
2021-05-12 23:34:27.558  INFO 61602 --- [    Test worker] c.f.s.domain.posts.PostsRepositoryTest   : The following profiles are active: oauth
2021-05-12 23:34:27.749  INFO 61602 --- [    Test worker] .s.d.r.c.RepositoryConfigurationDelegate : Bootstrapping Spring Data repositories in DEFAULT mode.
2021-05-12 23:34:27.762  INFO 61602 --- [    Test worker] .s.d.r.c.RepositoryConfigurationDelegate : Finished Spring Data repository scanning in 12ms. Found 2 repository interfaces.
2021-05-12 23:34:27.850  INFO 61602 --- [    Test worker] trationDelegate$BeanPostProcessorChecker : Bean 'org.springframework.transaction.annotation.ProxyTransactionManagementConfiguration' of type [org.springframework.transaction.annotation.ProxyTransactionManagementConfiguration$$EnhancerBySpringCGLIB$$8bdd8826] is not eligible for getting processed by all BeanPostProcessors (for example: not eligible for auto-proxying)
2021-05-12 23:34:27.930  INFO 61602 --- [    Test worker] com.zaxxer.hikari.HikariDataSource       : HikariPool-2 - Starting...
2021-05-12 23:34:27.931  INFO 61602 --- [    Test worker] com.zaxxer.hikari.HikariDataSource       : HikariPool-2 - Start completed.
2021-05-12 23:34:27.954  INFO 61602 --- [    Test worker] o.hibernate.jpa.internal.util.LogHelper  : HHH000204: Processing PersistenceUnitInfo [
	name: default
	...]
2021-05-12 23:34:27.960  INFO 61602 --- [    Test worker] org.hibernate.dialect.Dialect            : HHH000400: Using dialect: org.hibernate.dialect.MySQL5Dialect
Hibernate: drop table if exists posts
Hibernate: drop table if exists user
Hibernate: create table posts (id bigint not null auto_increment, created_date datetime, modified_date datetime, author varchar(255), content TEXT not null, title varchar(500) not null, primary key (id)) engine=MyISAM
Hibernate: create table user (id bigint not null auto_increment, created_date datetime, modified_date datetime, email varchar(255) not null, name varchar(255) not null, picture varchar(255), role varchar(255) not null, primary key (id)) engine=MyISAM
2021-05-12 23:34:28.003  INFO 61602 --- [    Test worker] o.h.t.schema.internal.SchemaCreatorImpl  : HHH000476: Executing import script 'org.hibernate.tool.schema.internal.exec.ScriptSourceInputNonExistentImpl@65e94387'
2021-05-12 23:34:28.003  INFO 61602 --- [    Test worker] j.LocalContainerEntityManagerFactoryBean : Initialized JPA EntityManagerFactory for persistence unit 'default'
2021-05-12 23:34:28.226  INFO 61602 --- [    Test worker] o.h.h.i.QueryTranslatorFactoryInitiator  : HHH000397: Using ASTQueryTranslatorFactory
2021-05-12 23:34:28.352  INFO 61602 --- [    Test worker] o.s.s.web.DefaultSecurityFilterChain     : Creating filter chain: any request, [org.springframework.security.web.context.request.async.WebAsyncManagerIntegrationFilter@249184fa, org.springframework.security.web.context.SecurityContextPersistenceFilter@176a898e, org.springframework.security.web.header.HeaderWriterFilter@42dc832c, org.springframework.security.web.authentication.logout.LogoutFilter@6165307b, org.springframework.security.oauth2.client.web.OAuth2AuthorizationRequestRedirectFilter@7f0d0903, org.springframework.security.oauth2.client.web.OAuth2LoginAuthenticationFilter@40a86c1f, org.springframework.security.web.authentication.ui.DefaultLoginPageGeneratingFilter@2200fb4c, org.springframework.security.web.authentication.ui.DefaultLogoutPageGeneratingFilter@24dd1371, org.springframework.security.web.savedrequest.RequestCacheAwareFilter@67d0f28, org.springframework.security.web.servletapi.SecurityContextHolderAwareRequestFilter@201e2928, org.springframework.security.web.authentication.AnonymousAuthenticationFilter@338f43f8, org.springframework.security.web.session.SessionManagementFilter@4b8932bd, org.springframework.security.web.access.ExceptionTranslationFilter@1750cac9, org.springframework.security.web.access.intercept.FilterSecurityInterceptor@3736ff56]
2021-05-12 23:34:28.611  INFO 61602 --- [    Test worker] o.s.s.concurrent.ThreadPoolTaskExecutor  : Initializing ExecutorService 'applicationTaskExecutor'
2021-05-12 23:34:28.622  WARN 61602 --- [    Test worker] aWebConfiguration$JpaWebMvcConfiguration : spring.jpa.open-in-view is enabled by default. Therefore, database queries may be performed during view rendering. Explicitly configure spring.jpa.open-in-view to disable this warning
2021-05-12 23:34:28.656  INFO 61602 --- [    Test worker] o.s.b.a.w.s.WelcomePageHandlerMapping    : Adding welcome page template: index
2021-05-12 23:34:28.962  INFO 61602 --- [    Test worker] s.a.ScheduledAnnotationBeanPostProcessor : No TaskScheduler/ScheduledExecutorService bean found for scheduled processing
2021-05-12 23:34:28.963  INFO 61602 --- [    Test worker] c.f.s.domain.posts.PostsRepositoryTest   : Started PostsRepositoryTest in 1.449 seconds (JVM running for 8.721)
Hibernate: insert into posts (created_date, modified_date, author, content, title) values (?, ?, ?, ?, ?)
Hibernate: select posts0_.id as id1_0_, posts0_.created_date as created_2_0_, posts0_.modified_date as modified3_0_, posts0_.author as author4_0_, posts0_.content as content5_0_, posts0_.title as title6_0_ from posts posts0_
>>>>>>> createDate= 2021-05-12T23:34:28.979, modifiedDate= 2021-05-12T23:34:28.979
Hibernate: select posts0_.id as id1_0_, posts0_.created_date as created_2_0_, posts0_.modified_date as modified3_0_, posts0_.author as author4_0_, posts0_.content as content5_0_, posts0_.title as title6_0_ from posts posts0_
Hibernate: delete from posts where id=?
Hibernate: insert into posts (created_date, modified_date, author, content, title) values (?, ?, ?, ?, ?)
Hibernate: select posts0_.id as id1_0_, posts0_.created_date as created_2_0_, posts0_.modified_date as modified3_0_, posts0_.author as author4_0_, posts0_.content as content5_0_, posts0_.title as title6_0_ from posts posts0_
Hibernate: select posts0_.id as id1_0_, posts0_.created_date as created_2_0_, posts0_.modified_date as modified3_0_, posts0_.author as author4_0_, posts0_.content as content5_0_, posts0_.title as title6_0_ from posts posts0_
Hibernate: delete from posts where id=?
]]></system-out>
  <system-err><![CDATA[]]></system-err>
</testsuite>
